


ARM Macro Assembler    Page 1 


    1 00000000         ;* -----------------------------------------------------
                       -------------
    2 00000000         ;* --  _____       ______  _____                        
                                   -
    3 00000000         ;* -- |_   _|     |  ____|/ ____|                       
                                   -
    4 00000000         ;* --   | |  _ __ | |__  | (___    Institute of Embedded
                        Systems    -
    5 00000000         ;* --   | | | '_ \|  __|  \___ \   Zurich University of 
                                   -
    6 00000000         ;* --  _| |_| | | | |____ ____) |  Applied Sciences     
                                   -
    7 00000000         ;* -- |_____|_| |_|______|_____/   8401 Winterthur, Swit
                       zerland     -
    8 00000000         ;* -----------------------------------------------------
                       -------------
    9 00000000         ;* --
   10 00000000         ;* -- Project     : CT1 - Lab 9
   11 00000000         ;* -- Description : Multiplication 16 bit signed
   12 00000000         ;* -- 
   13 00000000         ;* -- $Id: mul_s16.s 3776 2016-11-14 11:35:26Z kesr $
   14 00000000         ;* -----------------------------------------------------
                       -------------
   15 00000000         
   16 00000000         
   17 00000000         ; ------------------------------------------------------
                       -------------
   18 00000000         ; -- Constants
   19 00000000         ; ------------------------------------------------------
                       -------------
   20 00000000         
   21 00000000                 AREA             myCode, CODE, READONLY
   22 00000000         
   23 00000000                 THUMB
   24 00000000         
   25 00000000 00000008 
                       NR_OF_TESTS
                               EQU              8
   26 00000000         
   27 00000000 60000100 
                       ADR_LED EQU              0x60000100
   28 00000000 60000110 
                       ADR_7SEG
                               EQU              0x60000110
   29 00000000 00000001 
                       ADR_LCD_STEP
                               EQU              0x1
   30 00000000         
   31 00000000 8E88F9C7 
                       MSG_FAIL
                               EQU              0x8e88f9c7
   32 00000000 8C889292 
                       MSG_PASS
                               EQU              0x8c889292
   33 00000000         
   34 00000000         
   35 00000000         ; ------------------------------------------------------
                       -------------
   36 00000000         ; -- Main



ARM Macro Assembler    Page 2 


   37 00000000         ; ------------------------------------------------------
                       -------------   
   38 00000000         
   39 00000000         mul_s16 PROC
   40 00000000                 EXPORT           mul_s16
   41 00000000                 IMPORT           display_char
   42 00000000 B500            PUSH             {LR}
   43 00000002         
   44 00000002         ; Set LCD "mul_s16"
   45 00000002 4B25    LCD_set LDR              R3, =0x0
   46 00000004 4825            LDR              R0, =display_char
   47 00000006 4A26            LDR              R2, =0x006D
   48 00000008 4780            BLX              R0
   49 0000000A 1C5B            ADDS             R3, R3, #ADR_LCD_STEP
   50 0000000C 4A25            LDR              R2, =0x0175
   51 0000000E 4780            BLX              R0
   52 00000010 1C5B            ADDS             R3, R3, #ADR_LCD_STEP
   53 00000012 4A25            LDR              R2, =0x026C
   54 00000014 4780            BLX              R0
   55 00000016 1C5B            ADDS             R3, R3, #ADR_LCD_STEP
   56 00000018 4A24            LDR              R2, =0x035F
   57 0000001A 4780            BLX              R0
   58 0000001C 1C5B            ADDS             R3, R3, #ADR_LCD_STEP
   59 0000001E 4A24            LDR              R2, =0x0473
   60 00000020 4780            BLX              R0
   61 00000022 1C5B            ADDS             R3, R3, #ADR_LCD_STEP
   62 00000024 4A23            LDR              R2, =0x0531
   63 00000026 4780            BLX              R0
   64 00000028 1C5B            ADDS             R3, R3, #ADR_LCD_STEP
   65 0000002A 4A23            LDR              R2, =0x0636
   66 0000002C 4780            BLX              R0
   67 0000002E         
   68 0000002E         ; Set up unit test
   69 0000002E 481A    init_test
                               LDR              R0, =0      ; Index of testrun
   70 00000030 4919            LDR              R1, =0      ; Fail mask
   71 00000032 4A22            LDR              R2, =ADR_7SEG ; Clear 7-segment
                                                             display
   72 00000034 4B22            LDR              R3, =0xffffffff
   73 00000036 6013            STR              R3, [R2]
   74 00000038         
   75 00000038 0040    exec_operation
                               LSLS             R0, #1      ; Shift index left 
                                                            for halfword access
                                                            
   76 0000003A 4A22            LDR              R2, =op1_table ; Load operands 
                                                            in registers R6, R7
                                                                   
   77 0000003C 5A16            LDRH             R6, [R2, R0]
   78 0000003E 4A22            LDR              R2, =op2_table
   79 00000040 5A17            LDRH             R7, [R2, R0]
   80 00000042 F000 F819       BL               operation   ; Branch to label w
                                                            ith return address 
                                                            (LR)
   81 00000046         
   82 00000046 0040    store_result
                               LSLS             R0, #1      ; Shift index left 
                                                            (again) for word ac
                                                            cess



ARM Macro Assembler    Page 3 


   83 00000048 4A20            LDR              R2, =result_table
   84 0000004A 5017            STR              R7, [R2, R0]
   85 0000004C         
   86 0000004C 4A20    verify_result
                               LDR              R2, =golden_table
   87 0000004E 5813            LDR              R3, [R2, R0]
   88 00000050 0880            LSRS             R0, #2      ; Shift index back 
                                                            to original "positi
                                                            on"
   89 00000052 42BB            CMP              R3, R7
   90 00000054 D002            BEQ              inc_test    ; Branch to inc_tes
                                                            t if result correct
                                                            
   91 00000056 4A1F            LDR              R2, =1      ; Set bit at positi
                                                            on of failed test
   92 00000058 4082            LSLS             R2, R0
   93 0000005A 4311            ORRS             R1, R2
   94 0000005C         
   95 0000005C 3001    inc_test
                               ADDS             R0, #1
   96 0000005E 4A1E            LDR              R2, =NR_OF_TESTS
   97 00000060 4290            CMP              R0, R2
   98 00000062 D1E9            BNE              exec_operation
   99 00000064         
  100 00000064 4A15    displ_results
                               LDR              R2, =ADR_7SEG
  101 00000066 4B1D            LDR              R3, =MSG_FAIL
  102 00000068 4C0B            LDR              R4, =0
  103 0000006A 42A1            CMP              R1, R4
  104 0000006C D100            BNE              displ_message ; Fail
  105 0000006E 4B1C            LDR              R3, =MSG_PASS ; Pass
  106 00000070 6013    displ_message
                               STR              R3, [R2]
  107 00000072 4A1C            LDR              R2, =ADR_LED ; Display which ru
                                                            ns failed
  108 00000074 6011            STR              R1, [R2]
  109 00000076         
  110 00000076 BD00            POP              {PC}
  111 00000078         
  112 00000078         
  113 00000078         ; 16 bit multiplication signed
  114 00000078         ; - multiplier in R6
  115 00000078         ; - multiplicand in R7
  116 00000078         ; - 32 bit result in R7
  117 00000078 B53F    operation
                               PUSH             {R0-R5, LR}
  118 0000007A         
  119 0000007A         ; STUDENTS: To be programmed 
  120 0000007A B236            SXTH             R6, R6      ; signextension
  121 0000007C B23F            SXTH             R7, R7      ; signextension
  122 0000007E         
  123 0000007E 2000            MOVS             R0, #0      ; Zwischenresultat 
                                                            in R0
  124 00000080 2100            MOVS             R1, #0      ; Counter für schle
                                                            ife und shift
  125 00000082         start_loop
  126 00000082         
  127 00000082 0876            LSRS             R6, R6, #1
  128 00000084 D302            BCC              end_add



ARM Macro Assembler    Page 4 


  129 00000086 003C            MOVS             R4, R7
  130 00000088 408C            LSLS             R4, R4, R1  ; Shift R7 into R4,
                                                             R1 times
  131 0000008A 1900            ADDS             R0, R4      ; Add shifted to zw
                                                            ischenresultat
  132 0000008C         end_add
  133 0000008C 3101            ADDS             R1, #1
  134 0000008E 2920            CMP              R1, #32     ; test für schleife
                                                            
  135 00000090 D1F7            BNE              start_loop
  136 00000092         end_loop
  137 00000092 0007            MOVS             R7, R0
  138 00000094         
  139 00000094         
  140 00000094         ; END: To be programmed
  141 00000094         
  142 00000094 BD3F            POP              {R0-R5, PC} ; Return to main
  143 00000096         
  144 00000096                 ENDP
  145 00000096         
  146 00000096         
  147 00000096         ; ------------------------------------------------------
                       -------------
  148 00000096         ; -- Variables
  149 00000096         ; ------------------------------------------------------
                       -------------
  150 00000096 00 00           ALIGN
  151 00000098 00000000 
              00000000 
              0000006D 
              00000175 
              0000026C 
              0000035F 
              00000473 
              00000531 
              00000636 
              60000110 
              FFFFFFFF 
              00000000 
              00000000 
              00000000 
              00000000 
              00000001 
              00000008 
              8E88F9C7 
              8C889292 
              60000100         AREA             myConstants, DATA, READONLY
  152 00000000         
  153 00000000 01 00 17 
              00 FF FF 
              A4 73 CC 
              43 72 E3 
              22 DD FF 
              7F       op1_table
                               DCW              0x0001, 0x0017, 0xffff, 0x73a4,
 0x43cc, 0xe372, 0xdd22, 0x7fff
  154 00000010 FF FF 4A 
              00 FF FF 
              28 4C BF 



ARM Macro Assembler    Page 5 


              C3 34 02 
              DE BC FF 
              7F       op2_table
                               DCW              0xffff, 0x004a, 0xffff, 0x4c28,
 0xc3bf, 0x0234, 0xbcde, 0x7fff
  155 00000020         
  156 00000020 FFFFFFFF 
              000006A6 
              00000001 
              2266C1A0 golden_table
                               DCD              0xffffffff, 0x000006a6, 0x00000
001, 0x2266c1a0
  157 00000030 F00AF934 
              FFC11728 
              0924BB7C 
              3FFF0001         DCD              0xf00af934, 0xffc11728, 0x0924b
b7c, 0x3fff0001
  158 00000040         
  159 00000040         
  160 00000040                 AREA             myVars, DATA, READWRITE
  161 00000000         
  162 00000000 00 00 00 
              00 00 00 
              00 00 00 
              00 00 00 
              00 00 00 
              00 00 00 
              00 00 00 
              00 00 00 
              00 00 00 
              00 00 00 
              00 00    result_table
                               SPACE            8*4         ; Reserve 8 words o
                                                            f memory
  163 00000020         
  164 00000020         
  165 00000020         ; ------------------------------------------------------
                       -------------
  166 00000020         ; -- End of file
  167 00000020         ; ------------------------------------------------------
                       -------------                      
  168 00000020                 END
Command Line: --16 --debug --xref --diag_suppress=9931 --cpu=Cortex-M0 --apcs=i
nterwork --depend=.\build\mul_s16.d -o.\build\mul_s16.o -I.\RTE\_Target_1 -IC:\
Users\joelp\AppData\Local\Arm\Packs\InES\CTBoard14_DFP\4.0.2\Device\Include -IC
:\Users\joelp\AppData\Local\Arm\Packs\InES\CTBoard14_DFP\4.0.2\Device\Include\m
0 -IC:\Users\joelp\AppData\Local\Arm\Packs\InES\CTBoard14_DFP\4.0.2\HAL\Include
 -IC:\Keil_v5\ARM\CMSIS\Include --predefine="__EVAL SETA 1" --predefine="__UVIS
ION_VERSION SETA 531" --predefine="_RTE_ SETA 1" --predefine="_RTE_ SETA 1" --l
ist=.\build\mul_s16.lst app\mul_s16.s



ARM Macro Assembler    Page 1 Alphabetic symbol ordering
Relocatable symbols

LCD_set 00000002

Symbol: LCD_set
   Definitions
      At line 45 in file app\mul_s16.s
   Uses
      None
Comment: LCD_set unused
displ_message 00000070

Symbol: displ_message
   Definitions
      At line 106 in file app\mul_s16.s
   Uses
      At line 104 in file app\mul_s16.s
Comment: displ_message used once
displ_results 00000064

Symbol: displ_results
   Definitions
      At line 100 in file app\mul_s16.s
   Uses
      None
Comment: displ_results unused
end_add 0000008C

Symbol: end_add
   Definitions
      At line 132 in file app\mul_s16.s
   Uses
      At line 128 in file app\mul_s16.s
Comment: end_add used once
end_loop 00000092

Symbol: end_loop
   Definitions
      At line 136 in file app\mul_s16.s
   Uses
      None
Comment: end_loop unused
exec_operation 00000038

Symbol: exec_operation
   Definitions
      At line 75 in file app\mul_s16.s
   Uses
      At line 98 in file app\mul_s16.s
Comment: exec_operation used once
inc_test 0000005C

Symbol: inc_test
   Definitions
      At line 95 in file app\mul_s16.s
   Uses
      At line 90 in file app\mul_s16.s
Comment: inc_test used once
init_test 0000002E

Symbol: init_test



ARM Macro Assembler    Page 2 Alphabetic symbol ordering
Relocatable symbols

   Definitions
      At line 69 in file app\mul_s16.s
   Uses
      None
Comment: init_test unused
mul_s16 00000000

Symbol: mul_s16
   Definitions
      At line 39 in file app\mul_s16.s
   Uses
      At line 40 in file app\mul_s16.s
Comment: mul_s16 used once
myCode 00000000

Symbol: myCode
   Definitions
      At line 21 in file app\mul_s16.s
   Uses
      None
Comment: myCode unused
operation 00000078

Symbol: operation
   Definitions
      At line 117 in file app\mul_s16.s
   Uses
      At line 80 in file app\mul_s16.s
Comment: operation used once
start_loop 00000082

Symbol: start_loop
   Definitions
      At line 125 in file app\mul_s16.s
   Uses
      At line 135 in file app\mul_s16.s
Comment: start_loop used once
store_result 00000046

Symbol: store_result
   Definitions
      At line 82 in file app\mul_s16.s
   Uses
      None
Comment: store_result unused
verify_result 0000004C

Symbol: verify_result
   Definitions
      At line 86 in file app\mul_s16.s
   Uses
      None
Comment: verify_result unused
14 symbols



ARM Macro Assembler    Page 1 Alphabetic symbol ordering
Relocatable symbols

golden_table 00000020

Symbol: golden_table
   Definitions
      At line 156 in file app\mul_s16.s
   Uses
      At line 86 in file app\mul_s16.s
Comment: golden_table used once
myConstants 00000000

Symbol: myConstants
   Definitions
      At line 151 in file app\mul_s16.s
   Uses
      None
Comment: myConstants unused
op1_table 00000000

Symbol: op1_table
   Definitions
      At line 153 in file app\mul_s16.s
   Uses
      At line 76 in file app\mul_s16.s
Comment: op1_table used once
op2_table 00000010

Symbol: op2_table
   Definitions
      At line 154 in file app\mul_s16.s
   Uses
      At line 78 in file app\mul_s16.s
Comment: op2_table used once
4 symbols



ARM Macro Assembler    Page 1 Alphabetic symbol ordering
Relocatable symbols

myVars 00000000

Symbol: myVars
   Definitions
      At line 160 in file app\mul_s16.s
   Uses
      None
Comment: myVars unused
result_table 00000000

Symbol: result_table
   Definitions
      At line 162 in file app\mul_s16.s
   Uses
      At line 83 in file app\mul_s16.s
Comment: result_table used once
2 symbols



ARM Macro Assembler    Page 1 Alphabetic symbol ordering
Absolute symbols

ADR_7SEG 60000110

Symbol: ADR_7SEG
   Definitions
      At line 28 in file app\mul_s16.s
   Uses
      At line 71 in file app\mul_s16.s
      At line 100 in file app\mul_s16.s

ADR_LCD_STEP 00000001

Symbol: ADR_LCD_STEP
   Definitions
      At line 29 in file app\mul_s16.s
   Uses
      At line 49 in file app\mul_s16.s
      At line 52 in file app\mul_s16.s
      At line 55 in file app\mul_s16.s
      At line 58 in file app\mul_s16.s
      At line 61 in file app\mul_s16.s
      At line 64 in file app\mul_s16.s

ADR_LED 60000100

Symbol: ADR_LED
   Definitions
      At line 27 in file app\mul_s16.s
   Uses
      At line 107 in file app\mul_s16.s
Comment: ADR_LED used once
MSG_FAIL 8E88F9C7

Symbol: MSG_FAIL
   Definitions
      At line 31 in file app\mul_s16.s
   Uses
      At line 101 in file app\mul_s16.s
Comment: MSG_FAIL used once
MSG_PASS 8C889292

Symbol: MSG_PASS
   Definitions
      At line 32 in file app\mul_s16.s
   Uses
      At line 105 in file app\mul_s16.s
Comment: MSG_PASS used once
NR_OF_TESTS 00000008

Symbol: NR_OF_TESTS
   Definitions
      At line 25 in file app\mul_s16.s
   Uses
      At line 96 in file app\mul_s16.s
Comment: NR_OF_TESTS used once
6 symbols



ARM Macro Assembler    Page 1 Alphabetic symbol ordering
External symbols

display_char 00000000

Symbol: display_char
   Definitions
      At line 41 in file app\mul_s16.s
   Uses
      At line 46 in file app\mul_s16.s
Comment: display_char used once
1 symbol
362 symbols in table
